2021/03/08 22:01:13 [notice] 23770#5547277: using the "kqueue" event method
2021/03/08 22:01:13 [notice] 23770#5547277: using the "kqueue" event method
2021/03/08 22:01:13 [warn] 23770#5547277: 1024 worker_connections exceed open file resource limit: 256
2021/03/08 22:01:13 [warn] 23770#5547277: 1024 worker_connections exceed open file resource limit: 256
2021/03/08 22:01:13 [notice] 23770#5547277: start worker processes
2021/03/08 22:01:13 [notice] 23770#5547277: start worker processes
2021/03/08 22:01:13 [notice] 23770#5547277: start worker process 24257
2021/03/08 22:01:13 [notice] 23770#5547277: start worker process 24257
2021/03/08 22:01:14 [notice] 23770#5547277: signal 23 (SIGIO) received
2021/03/08 22:01:14 [notice] 23770#5547277: signal 23 (SIGIO) received
2021/03/08 22:01:14 [notice] 23770#5547277: signal 23 (SIGIO) received
2021/03/08 22:01:14 [notice] 23770#5547277: signal 23 (SIGIO) received
2021/03/08 22:01:14 [notice] 23770#5547277: signal 20 (SIGCHLD) received from 24163
2021/03/08 22:01:14 [notice] 23770#5547277: signal 20 (SIGCHLD) received from 24163
2021/03/08 22:01:14 [notice] 23770#5547277: worker process 24163 exited with code 0
2021/03/08 22:01:14 [notice] 23770#5547277: worker process 24163 exited with code 0
2021/03/08 22:01:14 [notice] 23770#5547277: signal 23 (SIGIO) received
2021/03/08 22:01:14 [notice] 23770#5547277: signal 23 (SIGIO) received
2021/03/08 22:01:14 [notice] 23770#5547277: signal 23 (SIGIO) received from 24257
2021/03/08 22:01:14 [notice] 23770#5547277: signal 23 (SIGIO) received from 24257
2021/03/08 22:01:21 [notice] 24257#5553332: [lua] LuaDebugOpenrestyJit.lua:755: print(): localhost
2021/03/08 22:01:21 [notice] 24257#5553332: [lua] LuaDebugOpenrestyJit.lua:755: print(): localhost
2021/03/08 22:01:21 [notice] 24257#5553332: [lua] LuaDebugOpenrestyJit.lua:755: print(): 7003
2021/03/08 22:01:21 [notice] 24257#5553332: [lua] LuaDebugOpenrestyJit.lua:755: print(): 7003
2021/03/08 22:01:28 [notice] 23770#5547277: signal 15 (SIGTERM) received from 24361, exiting
2021/03/08 22:01:28 [notice] 23770#5547277: signal 15 (SIGTERM) received from 24361, exiting
2021/03/08 22:01:28 [notice] 24257#5553332: exiting
2021/03/08 22:01:28 [notice] 24257#5553332: exiting
2021/03/08 22:01:28 [notice] 23770#5547277: signal 23 (SIGIO) received from 24257
2021/03/08 22:01:28 [notice] 23770#5547277: signal 23 (SIGIO) received from 24257
2021/03/08 22:01:28 [notice] 24257#5553332: exit
2021/03/08 22:01:28 [notice] 23770#5547277: signal 20 (SIGCHLD) received from 24257
2021/03/08 22:01:28 [notice] 23770#5547277: signal 20 (SIGCHLD) received from 24257
2021/03/08 22:01:28 [notice] 23770#5547277: worker process 24257 exited with code 0
2021/03/08 22:01:28 [notice] 23770#5547277: worker process 24257 exited with code 0
2021/03/08 22:01:28 [notice] 23770#5547277: exit
2021/03/08 22:01:28 [notice] 23770#5547277: exit
2021/03/08 22:01:37 [notice] 24510#5554299: using the "kqueue" event method
2021/03/08 22:01:37 [notice] 24510#5554299: using the "kqueue" event method
2021/03/08 22:01:37 [warn] 24510#5554299: 1024 worker_connections exceed open file resource limit: 256
2021/03/08 22:01:37 [warn] 24510#5554299: 1024 worker_connections exceed open file resource limit: 256
2021/03/08 22:01:37 [notice] 24510#5554299: openresty/1.19.3.1
2021/03/08 22:01:37 [notice] 24510#5554299: openresty/1.19.3.1
2021/03/08 22:01:37 [notice] 24510#5554299: built by clang 12.0.0 (clang-1200.0.32.2)
2021/03/08 22:01:37 [notice] 24510#5554299: built by clang 12.0.0 (clang-1200.0.32.2)
2021/03/08 22:01:37 [notice] 24510#5554299: OS: Darwin 19.6.0
2021/03/08 22:01:37 [notice] 24510#5554299: OS: Darwin 19.6.0
2021/03/08 22:01:37 [notice] 24510#5554299: hw.ncpu: 12
2021/03/08 22:01:37 [notice] 24510#5554299: hw.ncpu: 12
2021/03/08 22:01:37 [notice] 24510#5554299: net.inet.tcp.sendspace: 131072
2021/03/08 22:01:37 [notice] 24510#5554299: net.inet.tcp.sendspace: 131072
2021/03/08 22:01:37 [notice] 24510#5554299: kern.ipc.somaxconn: 128
2021/03/08 22:01:37 [notice] 24510#5554299: kern.ipc.somaxconn: 128
2021/03/08 22:01:37 [notice] 24510#5554299: getrlimit(RLIMIT_NOFILE): 256:9223372036854775807
2021/03/08 22:01:37 [notice] 24510#5554299: getrlimit(RLIMIT_NOFILE): 256:9223372036854775807
2021/03/08 22:01:37 [notice] 24511#5554306: start worker processes
2021/03/08 22:01:37 [notice] 24511#5554306: start worker processes
2021/03/08 22:01:37 [notice] 24511#5554306: start worker process 24512
2021/03/08 22:01:37 [notice] 24511#5554306: start worker process 24512
2021/03/08 22:01:57 [notice] 24511#5554306: signal 1 (SIGHUP) received from 24588, reconfiguring
2021/03/08 22:01:57 [notice] 24511#5554306: signal 1 (SIGHUP) received from 24588, reconfiguring
2021/03/08 22:01:57 [notice] 24511#5554306: reconfiguring
2021/03/08 22:01:57 [notice] 24511#5554306: reconfiguring
2021/03/08 22:01:57 [alert] 24511#5554306: lua_code_cache is off; this will hurt performance in /Users/rex/Documents/Projects/OpenResty/api-gateway/conf/nginx.conf:39
2021/03/08 22:01:57 [alert] 24511#5554306: lua_code_cache is off; this will hurt performance in /Users/rex/Documents/Projects/OpenResty/api-gateway/conf/nginx.conf:39
2021/03/08 22:01:57 [alert] 24511#5554306: lua_code_cache is off; this will hurt performance in /Users/rex/Documents/Projects/OpenResty/api-gateway/conf/nginx.conf:39
2021/03/08 22:01:57 [notice] 24511#5554306: [lua] LuaDebugOpenrestyJit.lua:755: print(): localhost
2021/03/08 22:01:57 [notice] 24511#5554306: [lua] LuaDebugOpenrestyJit.lua:755: print(): localhost
2021/03/08 22:01:57 [notice] 24511#5554306: [lua] LuaDebugOpenrestyJit.lua:755: print(): 7003
2021/03/08 22:01:57 [notice] 24511#5554306: [lua] LuaDebugOpenrestyJit.lua:755: print(): 7003
2021/03/08 22:01:57 [notice] 24511#5554306: using the "kqueue" event method
2021/03/08 22:01:57 [notice] 24511#5554306: using the "kqueue" event method
2021/03/08 22:01:57 [warn] 24511#5554306: 1024 worker_connections exceed open file resource limit: 256
2021/03/08 22:01:57 [warn] 24511#5554306: 1024 worker_connections exceed open file resource limit: 256
2021/03/08 22:01:57 [notice] 24511#5554306: start worker processes
2021/03/08 22:01:57 [notice] 24511#5554306: start worker processes
2021/03/08 22:01:57 [notice] 24511#5554306: start worker process 24594
2021/03/08 22:01:57 [notice] 24511#5554306: start worker process 24594
2021/03/08 22:01:58 [notice] 24511#5554306: signal 23 (SIGIO) received
2021/03/08 22:01:58 [notice] 24511#5554306: signal 23 (SIGIO) received
2021/03/08 22:01:58 [notice] 24512#5554307: gracefully shutting down
2021/03/08 22:01:58 [notice] 24512#5554307: gracefully shutting down
2021/03/08 22:01:58 [notice] 24512#5554307: exiting
2021/03/08 22:01:58 [notice] 24512#5554307: exiting
2021/03/08 22:01:58 [notice] 24511#5554306: signal 23 (SIGIO) received
2021/03/08 22:01:58 [notice] 24511#5554306: signal 23 (SIGIO) received
2021/03/08 22:01:58 [notice] 24512#5554307: exit
2021/03/08 22:01:58 [notice] 24511#5554306: signal 20 (SIGCHLD) received from 24512
2021/03/08 22:01:58 [notice] 24511#5554306: signal 20 (SIGCHLD) received from 24512
2021/03/08 22:01:58 [notice] 24511#5554306: worker process 24512 exited with code 0
2021/03/08 22:01:58 [notice] 24511#5554306: worker process 24512 exited with code 0
2021/03/08 22:01:58 [notice] 24511#5554306: signal 23 (SIGIO) received
2021/03/08 22:01:58 [notice] 24511#5554306: signal 23 (SIGIO) received
2021/03/08 22:01:58 [notice] 24511#5554306: signal 23 (SIGIO) received from 24594
2021/03/08 22:01:58 [notice] 24511#5554306: signal 23 (SIGIO) received from 24594
2021/03/08 22:02:01 [notice] 24594#5554621: [lua] LuaDebugOpenrestyJit.lua:755: print(): localhost
2021/03/08 22:02:01 [notice] 24594#5554621: [lua] LuaDebugOpenrestyJit.lua:755: print(): localhost
2021/03/08 22:02:01 [notice] 24594#5554621: [lua] LuaDebugOpenrestyJit.lua:755: print(): 7003
2021/03/08 22:02:01 [notice] 24594#5554621: [lua] LuaDebugOpenrestyJit.lua:755: print(): 7003
2021/03/08 22:03:52 [notice] 24511#5554306: signal 15 (SIGTERM) received from 24719, exiting
2021/03/08 22:03:52 [notice] 24511#5554306: signal 15 (SIGTERM) received from 24719, exiting
2021/03/08 22:03:52 [notice] 24594#5554621: exiting
2021/03/08 22:03:52 [notice] 24594#5554621: exiting
2021/03/08 22:03:52 [notice] 24511#5554306: signal 23 (SIGIO) received from 24594
2021/03/08 22:03:52 [notice] 24511#5554306: signal 23 (SIGIO) received from 24594
2021/03/08 22:03:52 [notice] 24594#5554621: exit
2021/03/08 22:03:52 [notice] 24511#5554306: signal 20 (SIGCHLD) received from 24594
2021/03/08 22:03:52 [notice] 24511#5554306: signal 20 (SIGCHLD) received from 24594
2021/03/08 22:03:52 [notice] 24511#5554306: worker process 24594 exited with code 0
2021/03/08 22:03:52 [notice] 24511#5554306: worker process 24594 exited with code 0
2021/03/08 22:03:52 [notice] 24511#5554306: exit
2021/03/08 22:03:52 [notice] 24511#5554306: exit
2021/03/08 22:08:28 [emerg] 25493#5561179: bind() to 0.0.0.0:8888 failed (48: Address already in use)
2021/03/08 22:08:28 [emerg] 25493#5561179: bind() to 0.0.0.0:8888 failed (48: Address already in use)
2021/03/08 22:08:28 [emerg] 25493#5561179: bind() to 0.0.0.0:8888 failed (48: Address already in use)
2021/03/08 22:08:28 [notice] 25493#5561179: try again to bind() after 500ms
2021/03/08 22:08:28 [notice] 25493#5561179: try again to bind() after 500ms
2021/03/08 22:08:28 [emerg] 25493#5561179: bind() to 0.0.0.0:8888 failed (48: Address already in use)
2021/03/08 22:08:28 [emerg] 25493#5561179: bind() to 0.0.0.0:8888 failed (48: Address already in use)
2021/03/08 22:08:28 [emerg] 25493#5561179: bind() to 0.0.0.0:8888 failed (48: Address already in use)
2021/03/08 22:08:28 [notice] 25493#5561179: try again to bind() after 500ms
2021/03/08 22:08:28 [notice] 25493#5561179: try again to bind() after 500ms
2021/03/08 22:08:28 [emerg] 25493#5561179: bind() to 0.0.0.0:8888 failed (48: Address already in use)
2021/03/08 22:08:28 [emerg] 25493#5561179: bind() to 0.0.0.0:8888 failed (48: Address already in use)
2021/03/08 22:08:28 [emerg] 25493#5561179: bind() to 0.0.0.0:8888 failed (48: Address already in use)
2021/03/08 22:08:28 [notice] 25493#5561179: try again to bind() after 500ms
2021/03/08 22:08:28 [notice] 25493#5561179: try again to bind() after 500ms
2021/03/08 22:08:28 [emerg] 25493#5561179: bind() to 0.0.0.0:8888 failed (48: Address already in use)
2021/03/08 22:08:28 [emerg] 25493#5561179: bind() to 0.0.0.0:8888 failed (48: Address already in use)
2021/03/08 22:08:28 [emerg] 25493#5561179: bind() to 0.0.0.0:8888 failed (48: Address already in use)
2021/03/08 22:08:28 [notice] 25493#5561179: try again to bind() after 500ms
2021/03/08 22:08:28 [notice] 25493#5561179: try again to bind() after 500ms
2021/03/08 22:08:28 [emerg] 25493#5561179: bind() to 0.0.0.0:8888 failed (48: Address already in use)
2021/03/08 22:08:28 [emerg] 25493#5561179: bind() to 0.0.0.0:8888 failed (48: Address already in use)
2021/03/08 22:08:28 [emerg] 25493#5561179: bind() to 0.0.0.0:8888 failed (48: Address already in use)
2021/03/08 22:08:28 [notice] 25493#5561179: try again to bind() after 500ms
2021/03/08 22:08:28 [notice] 25493#5561179: try again to bind() after 500ms
2021/03/08 22:08:28 [emerg] 25493#5561179: still could not bind()
2021/03/08 22:08:28 [emerg] 25493#5561179: still could not bind()
2021/03/08 22:08:28 [emerg] 25493#5561179: still could not bind()
2021/03/08 22:08:44 [notice] 25690#5561846: using the "kqueue" event method
2021/03/08 22:08:44 [notice] 25690#5561846: using the "kqueue" event method
2021/03/08 22:08:44 [warn] 25690#5561846: 1024 worker_connections exceed open file resource limit: 256
2021/03/08 22:08:44 [warn] 25690#5561846: 1024 worker_connections exceed open file resource limit: 256
2021/03/08 22:08:44 [notice] 25690#5561846: openresty/1.19.3.1
2021/03/08 22:08:44 [notice] 25690#5561846: openresty/1.19.3.1
2021/03/08 22:08:44 [notice] 25690#5561846: built by clang 12.0.0 (clang-1200.0.32.2)
2021/03/08 22:08:44 [notice] 25690#5561846: built by clang 12.0.0 (clang-1200.0.32.2)
2021/03/08 22:08:44 [notice] 25690#5561846: OS: Darwin 19.6.0
2021/03/08 22:08:44 [notice] 25690#5561846: OS: Darwin 19.6.0
2021/03/08 22:08:44 [notice] 25690#5561846: hw.ncpu: 12
2021/03/08 22:08:44 [notice] 25690#5561846: hw.ncpu: 12
2021/03/08 22:08:44 [notice] 25690#5561846: net.inet.tcp.sendspace: 131072
2021/03/08 22:08:44 [notice] 25690#5561846: net.inet.tcp.sendspace: 131072
2021/03/08 22:08:44 [notice] 25690#5561846: kern.ipc.somaxconn: 128
2021/03/08 22:08:44 [notice] 25690#5561846: kern.ipc.somaxconn: 128
2021/03/08 22:08:44 [notice] 25690#5561846: getrlimit(RLIMIT_NOFILE): 256:9223372036854775807
2021/03/08 22:08:44 [notice] 25690#5561846: getrlimit(RLIMIT_NOFILE): 256:9223372036854775807
2021/03/08 22:08:44 [notice] 25691#5561853: start worker processes
2021/03/08 22:08:44 [notice] 25691#5561853: start worker processes
2021/03/08 22:08:44 [notice] 25691#5561853: start worker process 25692
2021/03/08 22:08:44 [notice] 25691#5561853: start worker process 25692
2021/03/08 22:08:56 [notice] 25692#5561854: [lua] LuaDebugOpenrestyJit.lua:755: print(): localhost
2021/03/08 22:08:56 [notice] 25692#5561854: [lua] LuaDebugOpenrestyJit.lua:755: print(): localhost
2021/03/08 22:08:56 [notice] 25692#5561854: [lua] LuaDebugOpenrestyJit.lua:755: print(): 7003
2021/03/08 22:08:56 [notice] 25692#5561854: [lua] LuaDebugOpenrestyJit.lua:755: print(): 7003
2021/03/08 22:09:04 [notice] 25692#5561854: [lua] LuaDebugOpenrestyJit.lua:755: print(): localhost
2021/03/08 22:09:04 [notice] 25692#5561854: [lua] LuaDebugOpenrestyJit.lua:755: print(): localhost
2021/03/08 22:09:04 [notice] 25692#5561854: [lua] LuaDebugOpenrestyJit.lua:755: print(): 7003
2021/03/08 22:09:04 [notice] 25692#5561854: [lua] LuaDebugOpenrestyJit.lua:755: print(): 7003
2021/03/08 22:09:16 [notice] 25692#5561854: [lua] LuaDebugOpenrestyJit.lua:755: print(): localhost
2021/03/08 22:09:16 [notice] 25692#5561854: [lua] LuaDebugOpenrestyJit.lua:755: print(): localhost
2021/03/08 22:09:16 [notice] 25692#5561854: [lua] LuaDebugOpenrestyJit.lua:755: print(): 7003
2021/03/08 22:09:16 [notice] 25692#5561854: [lua] LuaDebugOpenrestyJit.lua:755: print(): 7003
2021/03/08 22:11:55 [notice] 25692#5561854: [lua] LuaDebugOpenrestyJit.lua:755: print(): localhost
2021/03/08 22:11:55 [notice] 25692#5561854: [lua] LuaDebugOpenrestyJit.lua:755: print(): localhost
2021/03/08 22:11:55 [notice] 25692#5561854: [lua] LuaDebugOpenrestyJit.lua:755: print(): 7003
2021/03/08 22:11:55 [notice] 25692#5561854: [lua] LuaDebugOpenrestyJit.lua:755: print(): 7003
2021/03/08 22:11:55 [notice] 25692#5561854: [lua] LuaDebugOpenrestyJit.lua:755: print(): localhost
2021/03/08 22:11:55 [notice] 25692#5561854: [lua] LuaDebugOpenrestyJit.lua:755: print(): localhost
2021/03/08 22:11:55 [notice] 25692#5561854: [lua] LuaDebugOpenrestyJit.lua:755: print(): 7003
2021/03/08 22:11:55 [notice] 25692#5561854: [lua] LuaDebugOpenrestyJit.lua:755: print(): 7003
2021/03/08 22:12:16 [notice] 25692#5561854: [lua] LuaDebugOpenrestyJit.lua:755: print(): localhost
2021/03/08 22:12:16 [notice] 25692#5561854: [lua] LuaDebugOpenrestyJit.lua:755: print(): localhost
2021/03/08 22:12:16 [notice] 25692#5561854: [lua] LuaDebugOpenrestyJit.lua:755: print(): 7003
2021/03/08 22:12:16 [notice] 25692#5561854: [lua] LuaDebugOpenrestyJit.lua:755: print(): 7003
2021/03/08 22:12:16 [notice] 25692#5561854: [lua] LuaDebugOpenrestyJit.lua:755: print(): localhost
2021/03/08 22:12:16 [notice] 25692#5561854: [lua] LuaDebugOpenrestyJit.lua:755: print(): localhost
2021/03/08 22:12:16 [notice] 25692#5561854: [lua] LuaDebugOpenrestyJit.lua:755: print(): 7003
2021/03/08 22:12:16 [notice] 25692#5561854: [lua] LuaDebugOpenrestyJit.lua:755: print(): 7003
2021/03/08 22:12:18 [notice] 25692#5561854: [lua] LuaDebugOpenrestyJit.lua:755: print(): localhost
2021/03/08 22:12:18 [notice] 25692#5561854: [lua] LuaDebugOpenrestyJit.lua:755: print(): localhost
2021/03/08 22:12:18 [notice] 25692#5561854: [lua] LuaDebugOpenrestyJit.lua:755: print(): 7003
2021/03/08 22:12:18 [notice] 25692#5561854: [lua] LuaDebugOpenrestyJit.lua:755: print(): 7003
2021/03/08 22:12:18 [notice] 25692#5561854: [lua] LuaDebugOpenrestyJit.lua:755: print(): localhost
2021/03/08 22:12:18 [notice] 25692#5561854: [lua] LuaDebugOpenrestyJit.lua:755: print(): localhost
2021/03/08 22:12:18 [notice] 25692#5561854: [lua] LuaDebugOpenrestyJit.lua:755: print(): 7003
2021/03/08 22:12:18 [notice] 25692#5561854: [lua] LuaDebugOpenrestyJit.lua:755: print(): 7003
2021/03/08 22:27:54 [error] 991#10748: *3 lua entry thread aborted: runtime error: attempt to yield across C-call boundary
stack traceback:
coroutine 0:
	...nts/Projects/OpenResty/api-gateway//src/cyclone/util.lua: in function 'check_remote_addr'
	...x/Documents/Projects/OpenResty/api-gateway//src/init.lua:34: in function 'http_access_phase'
	access_by_lua(nginx.conf:43):2: in main chunk, client: 127.0.0.1, server: localhost, request: "GET /favicon.ico HTTP/1.1", host: "127.0.0.1:8888", referrer: "http://127.0.0.1:8888/"
2021/03/08 22:31:29 [error] 991#10748: *5 lua entry thread aborted: runtime error: attempt to yield across C-call boundary
stack traceback:
coroutine 0:
	...nts/Projects/OpenResty/api-gateway//src/cyclone/util.lua: in function 'check_host'
	...x/Documents/Projects/OpenResty/api-gateway//src/init.lua:34: in function 'http_access_phase'
	access_by_lua(nginx.conf:43):2: in main chunk, client: 127.0.0.1, server: localhost, request: "GET / HTTP/1.1", host: "127.0.0.1:8888"
2021/03/08 22:31:29 [error] 991#10748: *5 open() "/Users/rex/Documents/Projects/OpenResty/api-gateway/html/50x.html" failed (2: No such file or directory), client: 127.0.0.1, server: localhost, request: "GET / HTTP/1.1", host: "127.0.0.1:8888"
2021/03/08 22:31:56 [error] 991#10748: *6 lua entry thread aborted: runtime error: attempt to yield across C-call boundary
stack traceback:
coroutine 0:
	...nts/Projects/OpenResty/api-gateway//src/cyclone/util.lua: in function 'check_host'
	...x/Documents/Projects/OpenResty/api-gateway//src/init.lua:34: in function 'http_access_phase'
	access_by_lua(nginx.conf:43):2: in main chunk, client: 127.0.0.1, server: localhost, request: "GET /favicon.ico HTTP/1.1", host: "127.0.0.1:8888", referrer: "http://127.0.0.1:8888/"
2021/03/08 22:31:56 [error] 991#10748: *6 open() "/Users/rex/Documents/Projects/OpenResty/api-gateway/html/50x.html" failed (2: No such file or directory), client: 127.0.0.1, server: localhost, request: "GET /favicon.ico HTTP/1.1", host: "127.0.0.1:8888", referrer: "http://127.0.0.1:8888/"
